# JRE version: OpenJDK Runtime Environment (11.0.22+7) (build 11.0.22+7-post-Ubuntu-0ubuntu220.04.1)
# Java VM: OpenJDK 64-Bit Server VM (11.0.22+7-post-Ubuntu-0ubuntu220.04.1, mixed mode, sharing, tiered, compressed oops, g1 gc, linux-amd64)
Heap:
 garbage-first heap   total 352256K, used 279753K [0x00000000c0000000, 0x0000000100000000)
  region size 1024K, 165 young (168960K), 1 survivors (1024K)
 Metaspace       used 10884K, capacity 12639K, committed 12800K, reserved 1060864K
  class space    used 1628K, capacity 1959K, committed 2048K, reserved 1048576K
GC Heap History (20 events):
Event: 223.781 GC heap before
{Heap before GC invocations=1291 (full 4):
 garbage-first heap   total 352256K, used 309449K [0x00000000c0000000, 0x0000000100000000)
  region size 1024K, 193 young (197632K), 1 survivors (1024K)
 Metaspace       used 10878K, capacity 12639K, committed 12800K, reserved 1060864K
  class space    used 1627K, capacity 1959K, committed 2048K, reserved 1048576K
}
Event: 223.781 GC heap after
{Heap after GC invocations=1292 (full 4):
 garbage-first heap   total 352256K, used 112841K [0x00000000c0000000, 0x0000000100000000)
  region size 1024K, 1 young (1024K), 1 survivors (1024K)
 Metaspace       used 10878K, capacity 12639K, committed 12800K, reserved 1060864K
  class space    used 1627K, capacity 1959K, committed 2048K, reserved 1048576K
}
Event: 223.944 GC heap before
{Heap before GC invocations=1292 (full 4):
 garbage-first heap   total 352256K, used 309449K [0x00000000c0000000, 0x0000000100000000)
  region size 1024K, 193 young (197632K), 1 survivors (1024K)
 Metaspace       used 10878K, capacity 12639K, committed 12800K, reserved 1060864K
  class space    used 1627K, capacity 1959K, committed 2048K, reserved 1048576K
}
Event: 223.945 GC heap after
{Heap after GC invocations=1293 (full 4):
 garbage-first heap   total 352256K, used 112841K [0x00000000c0000000, 0x0000000100000000)
  region size 1024K, 1 young (1024K), 1 survivors (1024K)
 Metaspace       used 10878K, capacity 12639K, committed 12800K, reserved 1060864K
  class space    used 1627K, capacity 1959K, committed 2048K, reserved 1048576K
}
Event: 224.108 GC heap before
{Heap before GC invocations=1293 (full 4):
 garbage-first heap   total 352256K, used 309449K [0x00000000c0000000, 0x0000000100000000)
  region size 1024K, 193 young (197632K), 1 survivors (1024K)
 Metaspace       used 10878K, capacity 12639K, committed 12800K, reserved 1060864K
  class space    used 1627K, capacity 1959K, committed 2048K, reserved 1048576K
}
Event: 224.108 GC heap after
{Heap after GC invocations=1294 (full 4):
 garbage-first heap   total 352256K, used 112839K [0x00000000c0000000, 0x0000000100000000)
  region size 1024K, 1 young (1024K), 1 survivors (1024K)
 Metaspace       used 10878K, capacity 12639K, committed 12800K, reserved 1060864K
  class space    used 1627K, capacity 1959K, committed 2048K, reserved 1048576K
}
Event: 224.273 GC heap before
{Heap before GC invocations=1294 (full 4):
 garbage-first heap   total 352256K, used 309447K [0x00000000c0000000, 0x0000000100000000)
  region size 1024K, 193 young (197632K), 1 survivors (1024K)
 Metaspace       used 10878K, capacity 12639K, committed 12800K, reserved 1060864K
  class space    used 1627K, capacity 1959K, committed 2048K, reserved 1048576K
}
Event: 224.273 GC heap after
{Heap after GC invocations=1295 (full 4):
 garbage-first heap   total 352256K, used 112841K [0x00000000c0000000, 0x0000000100000000)
  region size 1024K, 1 young (1024K), 1 survivors (1024K)
 Metaspace       used 10878K, capacity 12639K, committed 12800K, reserved 1060864K
  class space    used 1627K, capacity 1959K, committed 2048K, reserved 1048576K
}
Event: 224.445 GC heap before
{Heap before GC invocations=1295 (full 4):
 garbage-first heap   total 352256K, used 309449K [0x00000000c0000000, 0x0000000100000000)
  region size 1024K, 193 young (197632K), 1 survivors (1024K)
 Metaspace       used 10878K, capacity 12639K, committed 12800K, reserved 1060864K
  class space    used 1627K, capacity 1959K, committed 2048K, reserved 1048576K
}
Event: 224.445 GC heap after
{Heap after GC invocations=1296 (full 4):
 garbage-first heap   total 352256K, used 112839K [0x00000000c0000000, 0x0000000100000000)
  region size 1024K, 1 young (1024K), 1 survivors (1024K)
 Metaspace       used 10878K, capacity 12639K, committed 12800K, reserved 1060864K
  class space    used 1627K, capacity 1959K, committed 2048K, reserved 1048576K
}
Event: 224.613 GC heap before
{Heap before GC invocations=1296 (full 4):
 garbage-first heap   total 352256K, used 309447K [0x00000000c0000000, 0x0000000100000000)
  region size 1024K, 193 young (197632K), 1 survivors (1024K)
 Metaspace       used 10878K, capacity 12639K, committed 12800K, reserved 1060864K
  class space    used 1627K, capacity 1959K, committed 2048K, reserved 1048576K
}
Event: 224.613 GC heap after
{Heap after GC invocations=1297 (full 4):
 garbage-first heap   total 352256K, used 112843K [0x00000000c0000000, 0x0000000100000000)
  region size 1024K, 1 young (1024K), 1 survivors (1024K)
 Metaspace       used 10878K, capacity 12639K, committed 12800K, reserved 1060864K
  class space    used 1627K, capacity 1959K, committed 2048K, reserved 1048576K
}
Event: 224.777 GC heap before
{Heap before GC invocations=1297 (full 4):
 garbage-first heap   total 352256K, used 309451K [0x00000000c0000000, 0x0000000100000000)
  region size 1024K, 193 young (197632K), 1 survivors (1024K)
 Metaspace       used 10878K, capacity 12639K, committed 12800K, reserved 1060864K
  class space    used 1627K, capacity 1959K, committed 2048K, reserved 1048576K
}
Event: 224.777 GC heap after
{Heap after GC invocations=1298 (full 4):
 garbage-first heap   total 352256K, used 112837K [0x00000000c0000000, 0x0000000100000000)
  region size 1024K, 1 young (1024K), 1 survivors (1024K)
 Metaspace       used 10878K, capacity 12639K, committed 12800K, reserved 1060864K
  class space    used 1627K, capacity 1959K, committed 2048K, reserved 1048576K
}
Event: 224.941 GC heap before
{Heap before GC invocations=1298 (full 4):
 garbage-first heap   total 352256K, used 309445K [0x00000000c0000000, 0x0000000100000000)
  region size 1024K, 193 young (197632K), 1 survivors (1024K)
 Metaspace       used 10878K, capacity 12639K, committed 12800K, reserved 1060864K
  class space    used 1627K, capacity 1959K, committed 2048K, reserved 1048576K
}
Event: 224.942 GC heap after
{Heap after GC invocations=1299 (full 4):
 garbage-first heap   total 352256K, used 112841K [0x00000000c0000000, 0x0000000100000000)
  region size 1024K, 1 young (1024K), 1 survivors (1024K)
 Metaspace       used 10878K, capacity 12639K, committed 12800K, reserved 1060864K
  class space    used 1627K, capacity 1959K, committed 2048K, reserved 1048576K
}
Event: 225.121 GC heap before
{Heap before GC invocations=1299 (full 4):
 garbage-first heap   total 352256K, used 309449K [0x00000000c0000000, 0x0000000100000000)
  region size 1024K, 193 young (197632K), 1 survivors (1024K)
 Metaspace       used 10878K, capacity 12639K, committed 12800K, reserved 1060864K
  class space    used 1627K, capacity 1959K, committed 2048K, reserved 1048576K
}
Event: 225.121 GC heap after
{Heap after GC invocations=1300 (full 4):
 garbage-first heap   total 352256K, used 112841K [0x00000000c0000000, 0x0000000100000000)
  region size 1024K, 1 young (1024K), 1 survivors (1024K)
 Metaspace       used 10878K, capacity 12639K, committed 12800K, reserved 1060864K
  class space    used 1627K, capacity 1959K, committed 2048K, reserved 1048576K
}
Event: 225.291 GC heap before
{Heap before GC invocations=1300 (full 4):
 garbage-first heap   total 352256K, used 309449K [0x00000000c0000000, 0x0000000100000000)
  region size 1024K, 193 young (197632K), 1 survivors (1024K)
 Metaspace       used 10878K, capacity 12639K, committed 12800K, reserved 1060864K
  class space    used 1627K, capacity 1959K, committed 2048K, reserved 1048576K
}
Event: 225.292 GC heap after
{Heap after GC invocations=1301 (full 4):
 garbage-first heap   total 352256K, used 112841K [0x00000000c0000000, 0x0000000100000000)
  region size 1024K, 1 young (1024K), 1 survivors (1024K)
 Metaspace       used 10878K, capacity 12639K, committed 12800K, reserved 1060864K
  class space    used 1627K, capacity 1959K, committed 2048K, reserved 1048576K
}

